build/outputs/logs/manifest-merger-debug-report.txt
-- Merging decision tree log ---
manifest
ADDED from MyFrame/HpManFrameForApp_v1.0/AndroidManifest.xml:2:1-32:12
	package
		ADDED from MyFrame/HpManFrameForApp_v1.0/AndroidManifest.xml:3:5-35
	android:versionName
		ADDED from MyFrame/HpManFrameForApp_v1.0/AndroidManifest.xml:5:5-30
		INJECTED from MyFrame/HpManFrameForApp_v1.0/AndroidManifest.xml
		INJECTED from MyFrame/HpManFrameForApp_v1.0/AndroidManifest.xml
	android:versionCode
		ADDED from MyFrame/HpManFrameForApp_v1.0/AndroidManifest.xml:4:5-28
		INJECTED from MyFrame/HpManFrameForApp_v1.0/AndroidManifest.xml
		INJECTED from MyFrame/HpManFrameForApp_v1.0/AndroidManifest.xml
	xmlns:android
		ADDED from MyFrame/HpManFrameForApp_v1.0/AndroidManifest.xml:2:11-69
uses-sdk
ADDED from MyFrame/HpManFrameForApp_v1.0/AndroidManifest.xml:7:5-9:41
	android:targetSdkVersion
		ADDED from MyFrame/HpManFrameForApp_v1.0/AndroidManifest.xml:9:9-38
	android:minSdkVersion
		ADDED from MyFrame/HpManFrameForApp_v1.0/AndroidManifest.xml:8:9-34
uses-permission#android.permission.INTERNET
ADDED from MyFrame/HpManFrameForApp_v1.0/AndroidManifest.xml:11:5-83
	android:name
		ADDED from MyFrame/HpManFrameForApp_v1.0/AndroidManifest.xml:11:22-64
uses-permission#android.permission.WRITE_EXTERNAL_STORAGE
ADDED from MyFrame/HpManFrameForApp_v1.0/AndroidManifest.xml:12:5-97
	android:name
		ADDED from MyFrame/HpManFrameForApp_v1.0/AndroidManifest.xml:12:22-78
application
ADDED from MyFrame/HpManFrameForApp_v1.0/AndroidManifest.xml:15:5-30:19
	android:label
		ADDED from MyFrame/HpManFrameForApp_v1.0/AndroidManifest.xml:19:9-41
	android:allowBackup
		ADDED from MyFrame/HpManFrameForApp_v1.0/AndroidManifest.xml:17:9-35
	android:icon
		ADDED from MyFrame/HpManFrameForApp_v1.0/AndroidManifest.xml:18:9-45
	android:theme
		ADDED from MyFrame/HpManFrameForApp_v1.0/AndroidManifest.xml:20:9-40
	android:name
		ADDED from MyFrame/HpManFrameForApp_v1.0/AndroidManifest.xml:16:9-58
activity#com.hpmanframeforapp.MainActivity
ADDED from MyFrame/HpManFrameForApp_v1.0/AndroidManifest.xml:21:9-29:20
	android:label
		ADDED from MyFrame/HpManFrameForApp_v1.0/AndroidManifest.xml:23:13-45
	android:name
		ADDED from MyFrame/HpManFrameForApp_v1.0/AndroidManifest.xml:22:13-61
intent-filter#android.intent.action.MAIN+android.intent.category.LAUNCHER
ADDED from MyFrame/HpManFrameForApp_v1.0/AndroidManifest.xml:24:13-28:29
action#android.intent.action.MAIN
ADDED from MyFrame/HpManFrameForApp_v1.0/AndroidManifest.xml:25:17-69
	android:name
		ADDED from MyFrame/HpManFrameForApp_v1.0/AndroidManifest.xml:25:25-66
category#android.intent.category.LAUNCHER
ADDED from MyFrame/HpManFrameForApp_v1.0/AndroidManifest.xml:27:17-77
	android:name
		ADDED from MyFrame/HpManFrameForApp_v1.0/AndroidManifest.xml:27:27-74